 ****** PrimeSim HSPICE -- T-2022.06-SP1-2 win64 (Oct 31 2022 7869328) ******
  Copyright (c) 1986 - 2024 by Synopsys, Inc. All Rights Reserved.
  This software and the associated documentation are proprietary
  to Synopsys, Inc. This software may only be used in accordance
  with the terms and conditions of a written license agreement with
  Synopsys, Inc. All other use, reproduction, or distribution of
  this software is strictly prohibited.
  Input File: 1b_AC_TF.sp                                                       
  Command line options: C:\synopsys\Hspice_T-2022.06-SP1-2\WIN64\hspice.com -i 1b_AC_TF.sp -o C:\Users\William\Documents\Code\ECE 222\Amplifier Project\V4 - Equalizer Bonus\1b - 3dB Bandwidth\1b_AC_TF.lis
  Start time: Fri May 10 20:30:25 2024
  lic:  
  lic: FLEXlm: SDK_12.11.3 
  lic: USER:   William              HOSTNAME: LAPTOP-MAQ4I85U 
  lic: HOSTID: 00059a3c7a00         PID:      89144 
  lic: Using FLEXlm license file: 
  lic: 5280@lmsynopsys.seas.rochester.edu 
  lic: Checkout 1 hspice 
  lic: License/Maintenance for hspice will expire on 19-apr-2026/2023.12 
  lic: 1(in_use)/50(total) FLOATING license(s) on SERVER 5280@lmsynopsys.seas.ro
 chester.edu 
  lic:   
1****** PrimeSim HSPICE -- T-2022.06-SP1-2 win64 (Oct 31 2022 7869328) ******
 ******  
 **** ece 222 course project ****

 ****** circuit name directory
 circuit number to circuit name directory
   number circuitname                     definition         multiplier
        0 main circuit
        1 xx1.                            dut                1.00 
        2 xx1.x10.                        eq                 1.00 
        3 xx1.x1.                         opa1656            1.00 
        4 xx1.x2.                         buf634a            1.00 
        5 xx1.x10.x1.                     pot                1.00 
        6 xx1.x10.x2.                     pot                1.00 
        7 xx1.x10.x3.                     pot                1.00 
        8 xx1.x1.x_h1.                    block_dc_h1_opa1656
                                                                 1.00 
        9 xx1.x1.x_h2.                    block_dc_h2_opa1656
                                                                 1.00 
       10 xx1.x1.x_h3.                    block_dc_h3_opa1656
                                                                 1.00 
       11 xx1.x1.x_s1.                    block_dc_s1_opa1656
                                                                 1.00 
       12 xx1.x1.x_s2.                    block_dc_s2_opa1656
                                                                 1.00 
       13 xx1.x1.x_u1.                    vnse_opa1656       1.00 
       14 xx1.x1.x_u10.                   clamp_amp_lo_opa1656
                                                                 1.00 
       15 xx1.x1.x_u11.                   clamp_amp_lo_opa1656
                                                                 1.00 
       16 xx1.x1.x_u12.                   clamp_amp_hi_opa1656
                                                                 1.00 
       17 xx1.x1.x_u16.                   ol_sense_opa1656   1.00 
       18 xx1.x1.x_u18.                   clawp_opa1656      1.00 
       19 xx1.x1.x_u19.                   clawn_opa1656      1.00 
       20 xx1.x1.x_u20.                   esd_bb_opa1656     1.00 
       21 xx1.x1.x_u21.                   esd_out_opa1656    1.00 
       22 xx1.x1.x_u22.                   cl_src_opa1656     1.00 
       23 xx1.x1.x_u23.                   gr_src_opa1656     1.00 
       24 xx1.x1.x_u25.                   sw_ol_opa1656      1.00 
       25 xx1.x1.x_u26.                   iq_src_opa1656     1.00 
       26 xx1.x1.x_u27.                   iq_src_opa1656     1.00 
       27 xx1.x1.x_u30.                   aol_1_opa1656      1.00 
       28 xx1.x1.x_u31.                   aol_2_opa1656      1.00 
       29 xx1.x1.x_u32.                   zo_src_opa1656     1.00 
       30 xx1.x1.x_u35.                   claw_src_opa1656   1.00 
       31 xx1.x1.x_u36.                   femt_opa1656       1.00 
       32 xx1.x1.x_u37.                   femt_opa1656       1.00 
       33 xx1.x1.x_u4.                    vos_drift_opa1656
                                                                 1.00 
       34 xx1.x1.x_u5.                    esd_in_opa1656     1.00 
       35 xx1.x1.x_u6.                    vcm_clamp_opa1656
                                                                 1.00 
       36 xx1.x2.x_aol_2.                 aol_2_buf634a      1.00 
       37 xx1.x2.x_clawn.                 clawn_buf634a      1.00 
       38 xx1.x2.x_clawp.                 clawp_buf634a      1.00 
       39 xx1.x2.x_claw_amp.              clamp_amp_lo_buf634a
                                                                 1.00 
       40 xx1.x2.x_claw_src.              claw_src_buf634a   1.00 
       41 xx1.x2.x_cl_amp.                clamp_amp_lo_buf634a
                                                                 1.00 
       42 xx1.x2.x_cl_src.                cl_src_buf634a     1.00 
       43 xx1.x2.x_esd_in.                esd_in_buf634a     1.00 
       44 xx1.x2.x_esd_out.               esd_out_buf634a    1.00 
       45 xx1.x2.x_e_n.                   vnse_buf634a       1.00 
       46 xx1.x2.x_gr_amp.                clamp_amp_hi_buf634a
                                                                 1.00 
       47 xx1.x2.x_gr_src.                gr_src_buf634a     1.00 
       48 xx1.x2.x_h3.                    op_amp_complete_h3_buf634a
                                                                 1.00 
       49 xx1.x2.x_iq_n.                  iq_src_buf634a     1.00 
       50 xx1.x2.x_iq_p.                  iq_src_buf634a     1.00 
       51 xx1.x2.x_i_np.                  femt_buf634a       1.00 
       52 xx1.x2.x_vcm_clamp.             vcm_clamp_buf634a
                                                                 1.00 
       53 xx1.x2.x_vos_drift.             vos_drift_buf634a
                                                                 1.00 
       54 xx1.x2.x_w1.                    op_amp_complete_w1_buf634a
                                                                 1.00 
       55 xx1.x2.x_w2.                    op_amp_complete_w2_buf634a
                                                                 1.00 
 ******  
 **** ece 222 course project ****

 ****** diode model parameters tnom=  27.000 temp=  27.000 ******
 ********************************************************
 *** common model parameters model name:  13:dvn     ****
 ********************************************************

     names  values   units     names  values   units     names  values   units
     -----  ------   -----     -----  ------   -----     -----  ------   -----

   1*** dc breakdown parameters ***
       vb=   0.    volts        ibv=   1.00m amps   

   2*** parasitic resistance parameters ***
       rs=   0.    ohms   

   3*** capacitance parameters ***
       fc= 500.00m              fcs= 500.00m                m= 500.00m        
     mjsw= 330.00m               pb= 800.00m volts        php= 800.00m volts  
       tt=   0.    secs         cjo=   0.    f/area       cjp=   0.    f/pj   

   4*** temperature effect parameters ***
     tlev=   0.               tlevc=   0.                 tcv=   0.    v/deg k
      trs=   0.    /deg         cta=   0.    /deg         ctp=   0.    /deg   
      xti=   3.00            xtitun=   3.00               keg=   1.00         
       eg=   1.11  ev          gap1= 702.00u  ev/deg     gap2=   1.11k  deg   
     ttt1=   0.    /deg        ttt2=   0.    /deg2        tm1=   0.    /deg   
      tm2=   0.    /deg2        tpb=   0.    v/deg k     tphp=   0.    v/deg k
     tref=  27.00   deg c 

   5*** noise parameters ***
       kf=  31.62p               af=   1.00         

   ***  level   1  model parameters  ***

    level=   1.00                is= 1.0e-16 amps         jsw=   0.    amps   
        n=   1.00               nbv=   1.00                ik=   0.    amp    
     area=   1.00                pj=   0.                 ikr=   0.    amp    
    expli=   0.    amps      explir=   0.    amps        jtun=   0.    amps   
   jtunsw=   0.    amps        ntun=  30.00         
  
 ********************************************************
 *** common model parameters model name:  45:dvn     ****
 ********************************************************

     names  values   units     names  values   units     names  values   units
     -----  ------   -----     -----  ------   -----     -----  ------   -----

   1*** dc breakdown parameters ***
       vb=   0.    volts        ibv=   1.00m amps   

   2*** parasitic resistance parameters ***
       rs=   0.    ohms   

   3*** capacitance parameters ***
       fc= 500.00m              fcs= 500.00m                m= 500.00m        
     mjsw= 330.00m               pb= 800.00m volts        php= 800.00m volts  
       tt=   0.    secs         cjo=   0.    f/area       cjp=   0.    f/pj   

   4*** temperature effect parameters ***
     tlev=   0.               tlevc=   0.                 tcv=   0.    v/deg k
      trs=   0.    /deg         cta=   0.    /deg         ctp=   0.    /deg   
      xti=   3.00            xtitun=   3.00               keg=   1.00         
       eg=   1.11  ev          gap1= 702.00u  ev/deg     gap2=   1.11k  deg   
     ttt1=   0.    /deg        ttt2=   0.    /deg2        tm1=   0.    /deg   
      tm2=   0.    /deg2        tpb=   0.    v/deg k     tphp=   0.    v/deg k
     tref=  27.00   deg c 

   5*** noise parameters ***
       kf=  44.72p               af=   1.00         

   ***  level   1  model parameters  ***

    level=   1.00                is= 1.0e-16 amps         jsw=   0.    amps   
        n=   1.00               nbv=   1.00                ik=   0.    amp    
     area=   1.00                pj=   0.                 ikr=   0.    amp    
    expli=   0.    amps      explir=   0.    amps        jtun=   0.    amps   
   jtunsw=   0.    amps        ntun=  30.00         
  
 ********************************************************
 *** common model parameters model name:  51:dnvf    ****
 ********************************************************

     names  values   units     names  values   units     names  values   units
     -----  ------   -----     -----  ------   -----     -----  ------   -----

   1*** dc breakdown parameters ***
       vb=   0.    volts        ibv=   1.00m amps   

   2*** parasitic resistance parameters ***
       rs=   0.    ohms   

   3*** capacitance parameters ***
       fc= 500.00m              fcs= 500.00m                m= 500.00m        
     mjsw= 330.00m               pb= 800.00m volts        php= 800.00m volts  
       tt=   0.    secs         cjo=   0.    f/area       cjp=   0.    f/pj   

   4*** temperature effect parameters ***
     tlev=   0.               tlevc=   0.                 tcv=   0.    v/deg k
      trs=   0.    /deg         cta=   0.    /deg         ctp=   0.    /deg   
      xti=   3.00            xtitun=   3.00               keg=   1.00         
       eg=   1.11  ev          gap1= 702.00u  ev/deg     gap2=   1.11k  deg   
     ttt1=   0.    /deg        ttt2=   0.    /deg2        tm1=   0.    /deg   
      tm2=   0.    /deg2        tpb=   0.    v/deg k     tphp=   0.    v/deg k
     tref=  27.00   deg c 

   5*** noise parameters ***
       kf=   3.16p               af=   1.00         

   ***  level   1  model parameters  ***

    level=   1.00                is= 1.0e-16 amps         jsw=   0.    amps   
        n=   1.00               nbv=   1.00                ik=   0.    amp    
     area=   1.00                pj=   0.                 ikr=   0.    amp    
    expli=   0.    amps      explir=   0.    amps        jtun=   0.    amps   
   jtunsw=   0.    amps        ntun=  30.00         
  
 ******  
 **** ece 222 course project ****

 ****** res model parameters tnom=  27.000 temp=  27.000 ******
 *********************************
 ***  model name:   3:r_noisel****
 *********************************

     names  values   units     names  values   units     names  values   units
     -----  ------   -----     -----  ------   -----     -----  ------   -----
    level=   0.                   w=   0.    meters        dw=   0.    meters 
        l=   0.    meters       dlr=   0.    meters      tc1r=   0.    /deg   
     tc2r=   0.    /deg2       tref=  27.00  deg k       tc1c=   0.    /deg   
     tc2c=   0.    /deg2       bulk=  gnd              shrink=   1.00         
    scale=   1.00               res=   0.    ohms         cap=   0.    farad  
      rac=   0.    ohms         rsh=   0.    ohm/sq       cox=   0.    f/m**2 
    capsw=   0.    f/m        thick=   0.    meters    cratio= 500.00m        
       di=   0.               noise=   0.                wmin=   0.    meters 
     wmax=   1.00m meters      lmin=   0.    meters      lmax=   1.00m meters 
       kf=   0.                  af=   2.00                lf=   1.00         
       wf=   1.00                ef=   1.00         
  
 *********************************
 ***  model name:   4:r_noisel****
 *********************************

     names  values   units     names  values   units     names  values   units
     -----  ------   -----     -----  ------   -----     -----  ------   -----
    level=   0.                   w=   0.    meters        dw=   0.    meters 
        l=   0.    meters       dlr=   0.    meters      tc1r=   0.    /deg   
     tc2r=   0.    /deg2       tref=  27.00  deg k       tc1c=   0.    /deg   
     tc2c=   0.    /deg2       bulk=  gnd              shrink=   1.00         
    scale=   1.00               res=   0.    ohms         cap=   0.    farad  
      rac=   0.    ohms         rsh=   0.    ohm/sq       cox=   0.    f/m**2 
    capsw=   0.    f/m        thick=   0.    meters    cratio= 500.00m        
       di=   0.               noise=   0.                wmin=   0.    meters 
     wmax=   1.00m meters      lmin=   0.    meters      lmax=   1.00m meters 
       kf=   0.                  af=   2.00                lf=   1.00         
       wf=   1.00                ef=   1.00         
  
             
 Summary of Linear Res Distribution Info
 -----------------------------------------------------
 |Range                        |Total     |Percent(%)|
 |-----------------------------+----------+----------|
 |1.000000e-04  ~  1.000000e-03|31        |14.8325   |
 |1.000000e-03  ~  1.000000e-02|1         |0.4785    |
 |1.000000e-01  ~  1.000000e+00|44        |21.0526   |
 |1.000000e+00  ~  1.000000e+03|49        |23.4450   |
 |1.000000e+03  ~  1.000000e+05|23        |11.0048   |
 |1.000000e+05  ~  1.000000e+06|14        |6.6986    |
 |1.000000e+06  ~  1.000000e+07|1         |0.4785    |
 |1.000000e+07  ~  1.000000e+08|4         |1.9139    |
 |1.000000e+08  ~  1.000000e+09|28        |13.3971   |
 |1.000000e+11  ~  1.000000e+12|14        |6.6986    |
 -----------------------------------------------------
              
             
 Summary of Linear Cap Distribution Info
 -----------------------------------------------------
 |Range                        |Total     |Percent(%)|
 |-----------------------------+----------+----------|
 |1.000000e-15  ~  1.000000e-14|27        |39.7059   |
 |1.000000e-14  ~  1.000000e-13|2         |2.9412    |
 |1.000000e-13  ~  1.000000e-12|1         |1.4706    |
 |1.000000e-12  ~  1.000000e-11|13        |19.1176   |
 |1.000000e-11  ~  1.000000e-10|2         |2.9412    |
 |1.000000e-10  ~  1.000000e-09|4         |5.8824    |
 |1.000000e-09  ~  1.000000e-08|3         |4.4118    |
 |1.000000e-08  ~  1.000000e-07|2         |2.9412    |
 |1.000000e-07  ~  1.000000e-06|8         |11.7647   |
 |1.000000e-06  ~  1.000000e-05|1         |1.4706    |
 |1.000000e-05  ~  1.000000e-04|2         |2.9412    |
 |1.000000e-04  ~  1.000000e-03|2         |2.9412    |
 |1.000000e-03  ~  1.000000e-02|1         |1.4706    |
 -----------------------------------------------------
              
             
 Summary of Detailed RC Type Statistics
 -----------------------------
 |Element Type    |Number    |
 |----------------+----------|
 |Constant Res    |46        |
 |Other Linear Res|163       |
 |                |          |
 |Constant Cap    |68        |
 -----------------------------
              
  
      
 *****************************************************************
 ******  option summary
 ******
 runlvl  = 3         bypass  = 2.0000    
  Opening plot unit= 79
 file=C:\Users\William\Documents\Code\ECE 222\Amplifier Project\V4 - Equalizer Bonus\1b - 3dB Bandwidth\1b_AC_TF.pa0

 **info** dc convergence successful at Newton-Raphson method 
 ******  
 **** ece 222 course project ****

 ****** operating point information tnom=  27.000 temp=  27.000 ******
 ****** operating point status is all       simulation time is     0.     
     node    =voltage       node    =voltage       node    =voltage

 + 0:in      =   0.       0:out     =  29.1053m  0:sig     =   0.     
 + 0:vdd     =   9.0000   0:vss     =  -9.0000   1:eqout   =   0.     
 + 1:n2      =-112.0064n  1:n3      = 487.7784u  1:n41     = 487.7784u
 + 1:n42     = 237.6945u  2:e1      =   0.       2:e2      =   0.     
 + 2:e3      =   0.       2:e4      =   0.       2:e5      =   0.     
 + 2:e6      =   0.       2:e7      =   0.       3:cl_clamp= 648.1935u
 + 3:clamp   = 648.2205u  3:claw_cla= 648.1935u  3:esdn    = 487.7782u
 + 3:esdp    =-112.0288n  3:mid     =  79.3978p  3:n1356061=-519.3518m
 + 3:n1356115= 280.6482m  3:n1356333=-519.3518m  3:n1356345=-519.3518m
 + 3:n1356409= 280.6482m  3:n1356429= 280.6482m  3:n158495 = 648.1935u
 + 3:n161737 = 290.7411u  3:n161937 = 487.7784u  3:n2402147=  79.2970p
 + 3:n2402155=  79.3772p  3:n24207  =-112.0288n  3:n2425287=  79.3978p
 + 3:n2425309=   9.0000   3:n2425325=  -9.0000   3:n24458  =-534.3332p
 + 3:n24659  =  79.2969p  3:n2516366=  14.5272m  3:n2516408=  14.5272m
 + 3:n25248  =  79.2969p  3:n2526910= 648.1935u  3:n2531913= 648.2205u
 + 3:n2531921= 648.2205u  3:n2532013= 648.2205u  3:n25397  = 475.4750u
 + 3:n25415  = 475.4750u  3:n2549439= 100.2924n  3:n2549447=   6.0126u
 + 3:n25921  =  -2.8593   3:n25929  =  -6.2904u  3:n2707598=   4.4656m
 + 3:n2707608= 648.1935u  3:n27785  =  53.0729m  3:n27793  =   6.0126u
 + 3:n28311  =   6.0129u  3:n28438  = 475.4750u  3:n28678  = 487.7782u
 + 3:n31303  = 487.7782u  3:n31389  =   6.7500   3:n31737  =  -9.0000 
 + 3:n32236  = 487.7782u  3:n32347  = 487.7782u  3:n32510  =   1.4463n
 + 3:n36262  = 648.1935u  3:n37029  =  14.5335m  3:n37037  =  20.7533u
 + 3:n39124  =  14.5272m  3:n39417  =  14.5272m  3:n39473  =  14.5272m
 + 3:n39884  =  14.5258m  3:n39892  = 145.2436u  3:n39920  =  14.5272m
 + 3:n45999  = 487.7784u  3:n46041  =  14.5239m  3:n55560  =  79.3978p
 + 3:n56849  =  79.3978p  3:n57321  =  79.3978p  3:n57325  =  79.3978p
 + 3:n59739  =  89.1000   3:n59743  =  79.3978p  3:n59747  =  79.3978p
 + 3:n59865  =  79.3978p  3:n59881  =  79.3978p  3:n59905  = -98.8200 
 + 3:n65567  =  75.0000   3:n65575  =  79.3978p  3:n65579  =  79.3978p
 + 3:n65697  =  79.3978p  3:n65713  =  79.3978p  3:n65737  = -83.0000 
 + 3:n68774  = 648.2205u  3:n72064  =   9.0000   3:n72073  =  -9.0000 
 + 3:n72391  =  -9.0000   3:n72398  =   9.0000   3:n81574  =-441.1223p
 + 3:n81664  =-200.8822p  3:n81756  =  79.3978p  3:sw_ol_op=  79.3978p
 + 3:v11     =-441.1223p  3:v12     =-200.8822p  3:vcc_b   =   9.0000 
 + 3:vcc_clp =   9.0000   3:vclp    = 648.1935u  3:vee_b   =  -9.0000 
 + 3:vee_clp =  -9.0000   3:vimon   = 290.7411u  3:vout_s  = 487.7784u
 + 3:vsense  = 648.2205u  4:cl_clamp=  32.7899m  4:clamp   =  32.7895m
 + 4:claw_cla=  32.7899m  4:esdp    = 237.6920u  4:mid     = -14.8699m
 + 4:n06456  = 237.6920u  4:n110431 = 894.6702m  4:n112292 =  29.1053m
 + 4:n11984  =  29.6377m  4:n25816  =  32.8377m  4:n28602  =  -7.0000 
 + 4:n30136  =   7.0000   4:n30913  =  32.8377m  4:n31014  =  32.8377m
 + 4:n317950 = -13.8229p  4:n35669  =   7.6937   4:n35813  =   7.6937 
 + 4:n38050  =  -7.7000   4:n38096  =  -7.7000   4:n406634 =   9.0000 
 + 4:n406794 =  -9.0000   4:n42663  = -14.8699m  4:n42834  = -14.8699m
 + 4:n44757  = -14.8699m  4:n44799  = -14.8699m  4:n45856  = -14.8699m
 + 4:n45892  = -14.8699m  4:n45974  = -14.8699m  4:n45986  = -14.8699m
 + 4:n48550  =-374.0149   4:n50645  = 355.9851   4:n56635  = -14.8699m
 + 4:n56659  = -14.8699m  4:n56721  = -14.8699m  4:n56733  = -14.8699m
 + 4:n56891  = -41.0149   4:n56919  =  40.9851   4:n61579  =  32.7899m
 + 4:n638952 =  29.6377m  4:n706292 = -16.4672m  4:n709083 =  29.3616 
 + 4:n709139 = -13.2672m  4:n79181  =  32.7899m  4:n797835 = -70.2895 
 + 4:n910505 = -11.1853m  4:n910769 = -11.1853m  4:n910865 =   9.5643 
 + 4:n918956 = -11.1853m  4:n922430 =  32.7895m  4:n922458 =  32.7895m
 + 4:n922543 =  32.7894m  4:n922557 =  32.7894m  4:vcc_b   =   9.0000 
 + 4:vcc_clp =   7.6937   4:vee_b   =  -9.0000   4:vee_clp =  -7.7000 
 + 4:vimon   = 894.6702m  4:vout_s  =  29.1053m  4:vsense  =  32.7899m
 + 4:zo      =  29.1053m 13:3       =   0.      13:4       =   0.     
 +13:5       =   0.      13:6       =   0.      13:7       = 833.7629m
 +13:8       = 833.7629m 31:3       =   0.      31:5       =   0.     
 +32:3       =   0.      32:5       =   0.      45:3       =   0.     
 +45:4       =   0.      45:5       =   0.      45:6       =   0.     
 +45:7       = 833.7629m 45:8       = 833.7629m 51:3       =   0.     
 +51:4       =   0.      51:5       =   0.      51:6       =   0.     
 +51:7       = 833.7629m 51:8       = 833.7629m 54:vc1     =  47.6598u
 +54:vc2     =   0.      55:vc1     = -47.6598u 55:vc2     =   0.     


 **** voltage sources

 subckt                                        xx1.x1      xx1.x1    
 element   0:vdd1      0:vsig      0:vss1      3:v_v_grn   3:v_v_grp 
  volts       9.0000      0.         -9.0000    -83.0000     75.0000 
  current    -6.2092m     0.          5.3000m    83.0000p   -75.0000p
  power      55.8832m     0.         47.7000m     6.8890n     5.6250n

 subckt    xx1.x1      xx1.x1      xx1.x1      xx1.x1      xx1.x1    
 element   3:v_v_iscn  3:v_v_iscp  3:v_v_orn   3:v_v_orp   3:v_vcm_ma
  volts     -98.8200     89.1000   -520.0000m   280.0000m    -2.2500 
  current    98.8200p   -89.1000p     0.          0.         -6.7500p
  power       9.7654n     7.9388n     0.          0.        -15.1875p

 subckt    xx1.x1      xx1.x2      xx1.x2      xx1.x2      xx1.x2    
 element   3:v_vcm_mi  4:v_v_grn   4:v_v_grp   4:v_v_iscn  4:v_v_iscp
  volts       0.        -41.0000     41.0000   -374.0000    356.0000 
  current     9.0000p    41.0000n   -41.0000n   374.0000n  -356.0000n
  power       0.          1.6810u     1.6810u   139.8760u   126.7360u

 subckt    xx1.x2      xx1.x2      xx1.x1.x_h  xx1.x1.x_h  xx1.x1.x_h
 element   4:v_vcm_ma  4:v_vcm_mi  8:vh_h1     9:vh_h2    10:vh_h3   
  volts      -2.0000      2.0000      0.          0.          0.     
  current    -7.0149n     6.9851n   290.7410n  -280.2800p   520.5200p
  power     -14.0297n   -13.9702n     0.          0.          0.     

 subckt    xx1.x2.x_h  xx1.x2.x_w  xx1.x2.x_w
 element  48:vh_h3    54:vw_w1    55:vw_w2   
  volts       0.          0.          0.     
  current  -909.5401u    47.6598u   -47.6598u
  power       0.          0.          0.     

     total voltage source power dissipation=  103.8532m       watts



 **** current sources

 subckt    xx1.x1      xx1.x1      xx1.x1      xx1.x2      xx1.x2    
 element   3:i_i_b     3:i_i_os    3:i_i_q     4:i_i_b     4:i_i_q   
  volts    -112.1082n   487.7781u    18.0000     15.1076m    18.0000 
  current    15.0000p    -5.0000p     3.9000m   250.0000n     1.3000m
  power       1.6816a     2.4389f   -70.2000m    -3.7769n   -23.4000m

 subckt    xx1.x1.x_u  xx1.x1.x_u  xx1.x2.x_e  xx1.x2.x_e  xx1.x2.x_i
 element  13:i1       13:i2       45:i1       45:i2       51:i1      
  volts    -833.7629m  -833.7629m  -833.7629m  -833.7629m  -833.7629m
  current    10.0000m    10.0000m    10.0000m    10.0000m    10.0000m
  power       8.3376m     8.3376m     8.3376m     8.3376m     8.3376m

 subckt    xx1.x2.x_i
 element  51:i2      
  volts    -833.7629m
  current    10.0000m
  power       8.3376m


     total current source power dissipation= -43.5742m       watts

 **** resistors

 subckt                            xx1         xx1         xx1       
 element   0:rsig      0:rload     1:r1        1:r2        1:r3      
  r value   100.0000     32.0000    100.0000k    12.0000k     1.0000m
  v drop      0.         29.1053m  -112.0064n   487.7784u   -40.6571p
  current     0.        909.5401u    -1.1201p    40.6482n   -40.6571n
  power       0.         26.4724u   1.255e-19    19.8273p     1.6530a

 subckt    xx1         xx1.x10     xx1.x10     xx1.x10     xx1.x10   
 element   1:rlp       2:r4        2:r2        2:r5        2:r8      
  r value     1.0000k   100.0000    100.0000k   220.0000    100.0000 
  v drop    250.0839u     0.          0.          0.          0.     
  current   250.0839n     0.          0.          0.          0.     
  power      62.5420p     0.          0.          0.          0.     

 subckt    xx1.x10     xx1.x10     xx1.x10     xx1.x1      xx1.x1    
 element   2:r1        2:r6        2:r10       3:r_r1      3:r_r10   
  r value   100.0000k   220.0000    100.0000k    20.0000      1.0000 
  v drop      0.          0.          0.         22.4013p     2.8593 
  current     0.          0.          0.          1.1201p     2.8593 
  power       0.          0.          0.        2.509e-23     8.1756 

 subckt    xx1.x1      xx1.x1      xx1.x1      xx1.x1      xx1.x1    
 element   3:r_r11     3:r_r119    3:r_r12     3:r_r120    3:r_r122  
  r value   220.0000      1.0000x   100.0000x     1.0000x     1.0000 
  v drop      6.2904u  -648.1934u   -53.0669m  -648.1934u   -14.5272m
  current    28.5929n  -648.1934p  -530.6693p  -648.1934p   -14.5272m
  power     179.8620f   420.1547f    28.1610p   420.1547f   211.0403u

 subckt    xx1.x1      xx1.x1      xx1.x1      xx1.x1      xx1.x1    
 element   3:r_r123    3:r_r124    3:r_r125    3:r_r126    3:r_r127  
  r value    16.4000k    10.0000k     1.0000    100.0000x     1.6950x
  v drop      0.       -1.084e-19  -648.2205u    -5.9123u  -100.2130n
  current     0.       -1.084e-23  -648.2205u   -59.1227f   -59.1227f
  power       0.          0.        420.1898n   3.495e-19   5.925e-21

 subckt    xx1.x1      xx1.x1      xx1.x1      xx1.x1      xx1.x1    
 element   3:r_r128    3:r_r129    3:r_r13     3:r_r14     3:r_r15   
  r value     1.0000      1.0000      1.0000     11.3300k     1.0000m
  v drop     -6.0125u    -6.0128u   -53.0729m    -6.0125u   5.421e-20
  current    -6.0125u    -6.0128u   -53.0729m  -530.6693p    54.2101a
  power      36.1500p    36.1535p     2.8167m     3.1906f     0.     

 subckt    xx1.x1      xx1.x1      xx1.x1      xx1.x1      xx1.x1    
 element   3:r_r16     3:r_r17     3:r_r18     3:r_r19     3:r_r2    
  r value     1.0000k     1.0000m   1.000e+12   1.000e+12    20.0000 
  v drop     12.3032u     0.         -6.7500      9.0000    177.6368p
  current    12.3032n     0.         -6.7500p     9.0000p     8.8818p
  power     151.3692f     0.         45.5624p    80.9998p   1.578e-21

 subckt    xx1.x1      xx1.x1      xx1.x1      xx1.x1      xx1.x1    
 element   3:r_r20     3:r_r21     3:r_r22     3:r_r23     3:r_r24   
  r value     1.0000      1.0000m     1.0000x     1.0000x     1.0000k
  v drop    487.7781u     0.         -1.3669n  -648.2205u  -648.2205u
  current   487.7781u     0.         -1.3669f  -648.2205p  -648.2205n
  power     237.9275n     0.        1.868e-24   420.1898f   420.1898p

 subckt    xx1.x1      xx1.x1      xx1.x1      xx1.x1      xx1.x1    
 element   3:r_r3      3:r_r32     3:r_r33     3:r_r34     3:r_r35   
  r value   1.000e+12     1.0000k     1.0000k   100.0000k     1.0000 
  v drop   -112.1082n  -648.1934u  -648.1934u   -14.5127m   -14.5335m
  current  -1.121e-19  -648.1934n  -648.1934n  -145.1271n   -14.5335m
  power     1.257e-26   420.1547p   420.1547p     2.1062n   211.2216u

 subckt    xx1.x1      xx1.x1      xx1.x1      xx1.x1      xx1.x1    
 element   3:r_r36     3:r_r37     3:r_r38     3:r_r39     3:r_r4    
  r value   143.0000      1.0000    740.0000k    10.0000k   1.000e+12
  v drop    -20.7532u   -14.5272m  -197.7585a     0.       -487.7781u
  current  -145.1271n   -14.5272m  -2.672e-22     0.       -487.7781a
  power       3.0118p   211.0403u     0.          0.        2.379e-19

 subckt    xx1.x1      xx1.x1      xx1.x1      xx1.x1      xx1.x1    
 element   3:r_r40     3:r_r41     3:r_r42     3:r_r43     3:r_r46   
  r value    10.0000k     1.0000    101.0000      1.0000      1.0000 
  v drop    -14.3805m   -14.5258m  -145.2435u   -14.5239m     9.0000 
  current    -1.4381u   -14.5258m    -1.4381u   -14.5239m     9.0000 
  power      20.6800n   210.9985u   208.8680p   210.9438u    80.9998 

 subckt    xx1.x1      xx1.x1      xx1.x1      xx1.x1      xx1.x1    
 element   3:r_r47     3:r_r48     3:r_r49     3:r_r5      3:r_r50   
  r value     1.0000m     1.0000x   1.000e+12     1.0000      1.0000x
  v drop      9.0000n     9.0000     79.3978p   613.7310p     9.0000 
  current     9.0000u     9.0000u   7.940e-23   613.7310p     9.0000u
  power      80.9998f    80.9998u     0.        3.767e-19    80.9998u

 subckt    xx1.x1      xx1.x1      xx1.x1      xx1.x1      xx1.x1    
 element   3:r_r51     3:r_r52     3:r_r53     3:r_r54     3:r_r55   
  r value     1.0000m     1.0000    1.000e+12     1.0000      1.0000m
  v drop      9.0000n    -9.0000      9.0000      0.          0.     
  current     9.0000u    -9.0000      9.0000p     0.          0.     
  power      80.9999f    80.9998     80.9998p     0.          0.     

 subckt    xx1.x1      xx1.x1      xx1.x1      xx1.x1      xx1.x1    
 element   3:r_r56     3:r_r57     3:r_r58     3:r_r59     3:r_r6    
  r value   1.000e+12     1.0000      1.0000m   1.000e+12    10.0000k
  v drop     -9.0000      0.          0.         89.1000    613.6302p
  current    -9.0000p     0.          0.         89.1000p    61.3630f
  power      80.9998p     0.          0.          7.9388n   3.765e-23

 subckt    xx1.x1      xx1.x1      xx1.x1      xx1.x1      xx1.x1    
 element   3:r_r60     3:r_r61     3:r_r62     3:r_r63     3:r_r64   
  r value     1.0000      1.0000m     1.0000m   1.000e+12     1.0000 
  v drop    6.230e-24   1.292e-26   1.292e-26   -98.8200    6.230e-24
  current   6.230e-24   1.292e-23   1.292e-23   -98.8200p   6.230e-24
  power       0.          0.          0.          9.7654n     0.     

 subckt    xx1.x1      xx1.x1      xx1.x1      xx1.x1      xx1.x1    
 element   3:r_r65     3:r_r66     3:r_r67     3:r_r68     3:r_r69   
  r value   1.000e+12     1.0000      1.0000m     1.0000m   1.000e+12
  v drop     75.0000    6.230e-24   1.292e-26   1.292e-26   -83.0000 
  current    75.0000p   6.230e-24   1.292e-23   1.292e-23   -83.0000p
  power       5.6250n     0.          0.          0.          6.8890n

 subckt    xx1.x1      xx1.x1      xx1.x1      xx1.x1      xx1.x1    
 element   3:r_r7      3:r_r70     3:r_r71     3:r_r72     3:r_r73   
  r value     1.6430      1.0000      1.0000m     1.0000k     1.0000m
  v drop    100.8194f   6.230e-24     0.         -1.7764f     0.     
  current    61.3630f   6.230e-24     0.         -1.7764a     0.     
  power     6.187e-27     0.          0.          0.          0.     

 subckt    xx1.x1      xx1.x1      xx1.x1      xx1.x1      xx1.x1    
 element   3:r_r74     3:r_r75     3:r_r76     3:r_r77     3:r_r78   
  r value     1.0000k     1.0000m     1.0000k     1.0000k     1.0000 
  v drop      0.          0.         -9.0000     -9.0000    280.6482m
  current     0.          0.         -9.0000m    -9.0000m   280.6482m
  power       0.          0.         80.9998m    80.9998m    78.7634m

 subckt    xx1.x1      xx1.x1      xx1.x1      xx1.x1      xx1.x1    
 element   3:r_r79     3:r_r8      3:r_r80     3:r_r81     3:r_r82   
  r value     1.0000      1.0000k   100.0000    100.0000      1.0000 
  v drop   -519.3518m   -42.8848f     0.          0.          0.     
  current  -519.3518m   -42.8848a     0.          0.          0.     
  power     269.7263m     0.          0.          0.          0.     

 subckt    xx1.x1      xx1.x1      xx1.x1      xx1.x1      xx1.x1    
 element   3:r_r83     3:r_r84     3:r_r85     3:r_r86     3:r_r87   
  r value   100.0000    100.0000     10.0000k     1.0000      2.5590k
  v drop      0.          0.         80.2703f   100.8114f    20.5412f
  current     0.          0.          8.0270a   100.8114f     8.0270a
  power       0.          0.          0.        1.016e-26     0.     

 subckt    xx1.x1      xx1.x1      xx1.x1      xx1.x1      xx1.x1    
 element   3:r_r88     3:r_r9      3:r_r90     3:r_r91     3:r_r92   
  r value     1.0000    100.0000x     1.0000x     1.0000    169.8000k
  v drop    100.8160f     2.8593     -3.8174m    -4.4656m  -648.1934u
  current   100.8160f    28.5929n    -3.8174n    -4.4656m    -3.8174n
  power     1.016e-26    81.7554n    14.5725p    19.9415u     2.4744p

 subckt    xx1.x1      xx1.x1      xx1.x1      xx1.x1      xx1.x1    
 element   3:r_r93     3:r_r94     3:r_rdummy  3:r_rx      3:r_rx1   
  r value   667.0000      1.0000k     3.1500k    31.5000k   1.000e+12
  v drop     -1.7347a     0.       -487.7783u   -14.0361m  -290.7410u
  current  -2.601e-21     0.       -154.8503n  -445.5913n  -290.7410a
  power       0.          0.         75.5326p     6.2544n   8.453e-20

 subckt    xx1.x1      xx1.x1      xx1.x1      xx1.x1      xx1.x2    
 element   3:r_rx2     3:r_rx3     3:r_rx4     3:r_r_diff  4:r_r1    
  r value   100.0000    1.000e+12   100.0000    100.0000x    10.0000m
  v drop   -2.711e-19  -487.7783u  -5.421e-20   487.8902u    -2.5008n
  current  -2.711e-21  -487.7783a  -5.421e-22     4.8789p  -250.0839n
  power       0.        2.379e-19     0.          2.3804f   625.4197a

 subckt    xx1.x2      xx1.x2      xx1.x2      xx1.x2      xx1.x2    
 element   4:r_r107    4:r_r108    4:r_r109    4:r_r110    4:r_r111  
  r value     1.0000    1.000e+12     1.0000      1.0000m     1.0000x
  v drop      9.0000    -13.8229p    -9.0000      9.0000n     9.0000 
  current     9.0000   -1.382e-23    -9.0000      9.0000u     9.0000u
  power      80.9998      0.         80.9998     80.9999f    80.9998u

 subckt    xx1.x2      xx1.x2      xx1.x2      xx1.x2      xx1.x2    
 element   4:r_r112    4:r_r113    4:r_r12     4:r_r142    4:r_r143  
  r value     1.0000x     1.0000m     1.0000k     1.0000      1.0000 
  v drop      9.0000      9.0000n   -43.9752m    29.3765    -70.2746 
  current     9.0000u     9.0000u   -43.9752u    29.3765    -70.2746 
  power      80.9998u    80.9999f     1.9338u   862.9784      4.9385k

 subckt    xx1.x2      xx1.x2      xx1.x2      xx1.x2      xx1.x2    
 element   4:r_r150    4:r_r151    4:r_r153    4:r_r155    4:r_r1a11 
  r value     1.0000     10.0000k     1.0000    180.0000k    10.0000k
  v drop    -47.6594m    -9.5352     -9.5791     18.0000     29.3749 
  current   -47.6594m  -953.5153u    -9.5791    100.0000u     2.9375m
  power       2.2714m     9.0919m    91.7597      1.8000m    86.2884m

 subckt    xx1.x2      xx1.x2      xx1.x2      xx1.x2      xx1.x2    
 element   4:r_r1a2    4:r_r21     4:r_r25     4:r_r26     4:r_r27   
  r value    10.0000k     1.0000k     1.0000g     1.0000g     1.0000 
  v drop    -70.2730     -3.2000m     6.9851      7.0149    -47.7076m
  current    -7.0273m    -3.2000u     6.9851n     7.0149n   -47.7076m
  power     493.8293m    10.2400n    48.7919n    49.2083n     2.2760m

 subckt    xx1.x2      xx1.x2      xx1.x2      xx1.x2      xx1.x2    
 element   4:r_r28     4:r_r29     4:r_r2a11   4:r_r2a2    4:r_r3    
  r value     1.0000m     1.0000k   545.6000m   227.3000m   180.0000x
  v drop      0.         -1.3063      1.6027m    -1.5973m   -15.1076m
  current     0.         -1.3063m     2.9375m    -7.0273m   -83.9311p
  power       0.          1.7063m     4.7079u    11.2247u     1.2680p

 subckt    xx1.x2      xx1.x2      xx1.x2      xx1.x2      xx1.x2    
 element   4:r_r30     4:r_r31     4:r_r32     4:r_r33     4:r_r34   
  r value     1.0000m     1.0000k     1.0000k     1.0000m     1.0000k
  v drop      0.          7.7086      1.3000      0.         -7.6851 
  current     0.          7.7086m     1.3000m     0.         -7.6851m
  power       0.         59.4223m     1.6900m     0.         59.0610m

 subckt    xx1.x2      xx1.x2      xx1.x2      xx1.x2      xx1.x2    
 element   4:r_r35     4:r_r36     4:r_r37     4:r_r38     4:r_r39   
  r value     1.0000g     1.0000      1.0000m     1.0000m     1.0000 
  v drop     -7.7086      0.          0.          0.          0.     
  current    -7.7086n     0.          0.          0.          0.     
  power      59.4223n     0.          0.          0.          0.     

 subckt    xx1.x2      xx1.x2      xx1.x2      xx1.x2      xx1.x2    
 element   4:r_r40     4:r_r41     4:r_r42     4:r_r43     4:r_r44   
  r value     1.0000g     1.0000g     1.0000      1.0000m     1.0000m
  v drop      7.6851   -356.0000     27.7556a     0.          0.     
  current     7.6851n  -356.0000n    27.7556a     0.          0.     
  power      59.0610n   126.7360u     0.          0.          0.     

 subckt    xx1.x2      xx1.x2      xx1.x2      xx1.x2      xx1.x2    
 element   4:r_r45     4:r_r46     4:r_r49     4:r_r50     4:r_r51   
  r value     1.0000      1.0000g     1.0000g     1.0000      1.0000m
  v drop    -27.7556a   374.0000    -41.0000     27.7556a     0.     
  current   -27.7556a   374.0000n   -41.0000n    27.7556a     0.     
  power       0.        139.8760u     1.6810u     0.          0.     

 subckt    xx1.x2      xx1.x2      xx1.x2      xx1.x2      xx1.x2    
 element   4:r_r52     4:r_r53     4:r_r54     4:r_r55     4:r_r61   
  r value     1.0000m     1.0000      1.0000g     1.0000m     1.0000k
  v drop      0.        -27.7556a    41.0000      0.        -47.6598m
  current     0.        -27.7556a    41.0000n     0.        -47.6598u
  power       0.          0.          1.6810u     0.          2.2715u

 subckt    xx1.x2      xx1.x2      xx1.x2      xx1.x2      xx1.x2    
 element   4:r_r62     4:r_r65     4:r_r66     4:r_r73     4:r_r74   
  r value     1.0000k     1.0000k     1.0000k     1.0000     23.4100k
  v drop    -47.6598m   -47.6598m   -47.6598m    -3.6846m   702.5630a
  current   -47.6598u   -47.6598u   -47.6598u    -3.6846m   3.001e-20
  power       2.2715u     2.2715u     2.2715u    13.5766u     0.     

 subckt    xx1.x2      xx1.x2      xx1.x2      xx1.x2      xx1.x2    
 element   4:r_r75     4:r_r81     4:r_r83     4:r_r9      4:r_r_vimo
  r value    10.0000      1.0000g     1.0000g     1.0000m     1.0000 
  v drop      0.       -909.5401m   -43.9752m     0.          0.     
  current     0.       -909.5401p   -43.9752p     0.          0.     
  power       0.        827.2632p     1.9338p     0.          0.     

 subckt    xx1.x2      xx1.x10.x1  xx1.x10.x1  xx1.x10.x2  xx1.x10.x2
 element   4:r_r_vout  5:rt        5:rb        6:rt        6:rb      
  r value     1.0000      1.0000m    10.0000k     1.0000m    10.0000k
  v drop     10.4083a     0.          0.          0.          0.     
  current    10.4083a     0.          0.          0.          0.     
  power       0.          0.          0.          0.          0.     

 subckt    xx1.x10.x3  xx1.x10.x3  xx1.x1.x_s  xx1.x1.x_s  xx1.x1.x_u
 element   7:rt        7:rb       11:rs_s1    12:rs_s2    13:r1      
  r value     1.0000m    10.0000k     1.0000g     1.0000g     1.0000g
  v drop      0.          0.       -520.0000m  -280.0000m     0.     
  current     0.          0.       -520.0000p  -280.0000p     0.     
  power       0.          0.        270.4000p    78.4000p     0.     

 subckt    xx1.x1.x_u  xx1.x1.x_u  xx1.x1.x_u  xx1.x1.x_u  xx1.x1.x_u
 element  13:r2       13:r3       13:r4       13:r5       13:r6      
  r value     1.0000g     1.0000g     9.6170      9.6170      1.0000g
  v drop      0.          0.          0.          0.          0.     
  current     0.          0.          0.          0.          0.     
  power       0.          0.          0.          0.          0.     

 subckt    xx1.x1.x_u  xx1.x1.x_u  xx1.x1.x_u  xx1.x1.x_u  xx1.x1.x_u
 element  13:r7       31:r1       31:r2       32:r1       32:r2      
  r value     1.0000g    42.6240     42.6240     42.6240     42.6240 
  v drop      0.          0.          0.          0.          0.     
  current     0.          0.          0.          0.          0.     
  power       0.          0.          0.          0.          0.     

 subckt    xx1.x2.x_e  xx1.x2.x_e  xx1.x2.x_e  xx1.x2.x_e  xx1.x2.x_e
 element  45:r1       45:r2       45:r3       45:r4       45:r5      
  r value     1.0000g     1.0000g     1.0000g    13.6870     13.6870 
  v drop      0.          0.          0.          0.          0.     
  current     0.          0.          0.          0.          0.     
  power       0.          0.          0.          0.          0.     

 subckt    xx1.x2.x_e  xx1.x2.x_e  xx1.x2.x_i  xx1.x2.x_i  xx1.x2.x_i
 element  45:r6       45:r7       51:r1       51:r2       51:r3      
  r value     1.0000g     1.0000g     1.0000g     1.0000g     1.0000g
  v drop      0.          0.          0.          0.          0.     
  current     0.          0.          0.          0.          0.     
  power       0.          0.          0.          0.          0.     

 subckt    xx1.x2.x_i  xx1.x2.x_i  xx1.x2.x_i  xx1.x2.x_i
 element  51:r4       51:r5       51:r6       51:r7      
  r value   855.4400k   855.4400k     1.0000g     1.0000g
  v drop      0.          0.          0.          0.     
  current     0.          0.          0.          0.     
  power       0.          0.          0.          0.     


 **** inductors

 subckt    xx1.x2.   
 element   4:l_l2    
  l value   800.0000p
  v drop   -484.7651n
  current    47.6598u
  power     -23.1038p


 **** voltage-controlled current sources


 subckt      xx1.x1.x    xx1.x1.x    xx1.x1.x    xx1.x1.x    xx1.x1.x
 element  14:gvo+     14:gvo-     15:gvo+     15:gvo-     16:gvo+    
  v drop      0.          0.       -6.230e-24  -6.230e-24  -6.230e-24
  current     0.          0.          0.          0.          0.     



 subckt      xx1.x1.x    xx1.x1.x    xx1.x1.x    xx1.x1.x    xx1.x1.x
 element  16:gvo-     17:gsw+     22:g1       23:g1       25:g1      
  v drop   -6.230e-24     0.        648.1934u   648.2205u    -9.0000 
  current     0.          0.          0.          0.        290.7410n



 subckt      xx1.x1.x    xx1.x1.x    xx1.x1.x    xx1.x1.x    xx1.x1.x
 element  26:g1       27:g1       28:g1       29:g1       30:g1      
  v drop     -9.0000     -1.3669n  -648.2205u   -14.5239m   648.1934u
  current     0.          1.3669f   888.4605p    14.5243m     0.     



 subckt      xx1.x1.x    xx1.x2.x    xx1.x2.x    xx1.x2.x    xx1.x2.x
 element  35:g1       36:g1       37:g1       38:g1       39:gvo+    
  v drop   -487.7781u   -47.6594m    -1.3000     -1.3063      0.     
  current   487.7781u    47.7076m     1.3000m     1.3063m     0.     



 subckt      xx1.x2.x    xx1.x2.x    xx1.x2.x    xx1.x2.x    xx1.x2.x
 element  39:gvo-     40:g1       41:gvo+     41:gvo-     42:g1      
  v drop      0.         47.6598m   -27.7556a   -27.7556a    47.6598m
  current     0.          0.          0.          0.          0.     



 subckt      xx1.x2.x    xx1.x2.x    xx1.x2.x    xx1.x2.x    xx1.x2.x
 element  46:gvo+     46:gvo-     47:g1       49:g1       50:g1      
  v drop    -27.7556a   -27.7556a    47.6594m     8.9851      9.0149 
  current     0.          0.          0.          0.        909.5401u



 subckt      xx1.x2.x    xx1.x1      xx1.x1      xx1.x1      xx1.x1  
 element  52:g1        3:g_g1      3:g_g12     3:g_g13     3:g_g15   
  v drop    -47.7076m  -613.7310p   648.1934u   648.1934u    14.5335m
  current    47.7076m   613.7924p  -648.1934n  -648.1934n   -14.5336m



 subckt      xx1.x1      xx1.x1      xx1.x1      xx1.x1      xx1.x1  
 element   3:g_g16     3:g_g17     3:g_g18     3:g_g19     3:g_g2    
  v drop     14.5272m    14.5272m     9.0000     -9.0000    -42.8848f
  current   -14.5272m   -14.5272m    -9.0000      9.0000    100.8160a



 subckt      xx1.x1      xx1.x1      xx1.x1      xx1.x1      xx1.x1  
 element   3:g_g20     3:g_g21     3:g_g22     3:g_g23     3:g_g24   
  v drop      9.0000     -9.0000   -519.3518m   280.6482m  -100.8114f
  current    -9.0000m     9.0000m   519.3518m  -280.6482m   100.8194f



 subckt      xx1.x1      xx1.x1      xx1.x1      xx1.x1      xx1.x1  
 element   3:g_g25     3:g_g27     3:g_g28     3:g_g3      3:g_g4    
  v drop   -100.8160f     4.4656m    14.5258m    -2.8593     53.0729m
  current   100.8160f    -4.4656m   -14.5272m     2.8593    -53.0729m



 subckt      xx1.x1      xx1.x1      xx1.x1      xx1.x1      xx1.x1  
 element   3:g_g46     3:g_g47     3:g_g49     3:g_g5      3:g_g50   
  v drop    648.1934u   648.1934u   648.2205u    12.3032u     6.0125u
  current  -648.1934p  -648.1934p  -648.2205u   -12.3032n    -6.0125u



 subckt      xx1.x1      xx1.x1      xx1.x2      xx1.x2      xx1.x2  
 element   3:g_g51     3:g_g6      4:g_g12     4:g_g15     4:g_g16   
  v drop      6.0128u   648.2205u    47.6598m    47.6598m    47.6598m
  current    -6.0128u  -648.2205n   -47.6598u   -47.6598u   -47.6598u



 subckt      xx1.x2      xx1.x2      xx1.x2      xx1.x2      xx1.x2  
 element   4:g_g3      4:g_g36     4:g_g37     4:g_g59     4:g_g6    
  v drop    -70.2746      9.0000     -9.0000     29.3765      3.2000m
  current    70.2816     -9.0000      9.0000    -29.3794     -3.2000u



 subckt      xx1.x2      xx1.x2      xx1.x2      xx1.x2      xx1.x1.x
 element   4:g_g8      4:g_g9      4:g_gb11    4:g_gb12   31:g1      
  v drop      7.7086     -7.6851      9.5791      3.6846m  -112.1082n
  current    -7.7086m     7.6851m    -9.5801     -3.6846m     0.     



 subckt      xx1.x1.x    xx1.x2.x
 element  32:g1       51:g1      
  v drop    487.7781u    15.1076m
  current     0.          0.     




 **** voltage-controlled resistors


 subckt      xx1.x1.x    xx1.x1.x    xx1.x1.x    xx1.x1.x    xx1.x1.x
 element  11:gs_s1    12:gs_s1    18:g1       19:g1       20:gs1     
  r value   1.000e+12   1.000e+12    23.8004u    23.9000u   999.9026g



 subckt      xx1.x1.x    xx1.x1.x    xx1.x1.x    xx1.x1.x    xx1.x1.x
 element  20:gs2      21:gs1      21:gs3      24:gs1      34:gs1     
  r value   1.000e+12   1.000e+12   1.000e+12   1.000e+12   1.000e+12



 subckt      xx1.x1.x    xx1.x1.x    xx1.x1.x    xx1.x2.x    xx1.x2.x
 element  34:gs2      34:gs3      34:gs4      43:g2       43:g4      
  r value   1.000e+12   1.000e+12   1.000e+12   1.000e+12   1.000e+12



 subckt      xx1.x2.x    xx1.x2.x    xx1.x2.x    xx1.x2.x
 element  44:g1       44:g2       54:g_w1     55:g_w2    
  r value   1.000e+12   1.000e+12     1.0000m     1.0000m




 **** voltage-controlled voltage sources


 subckt      xx1.x1      xx1.x1      xx1.x1      xx1.x2      xx1.x1.x
 element   3:e_e1      3:e_e2      3:e_e3      4:e_e3     13:e1      
  volts      79.3978p   648.1934u   487.7783u    43.9752m     0.     
  current  -581.4743n     0.       -487.7791a   -43.9752p     0.     



 subckt      xx1.x1.x    xx1.x1.x    xx1.x1.x    xx1.x1.x    xx1.x1.x
 element  13:e2       13:e3       31:e1       32:e1       33:e1      
  volts       0.          0.          0.          0.        475.5870u
  current     0.         14.9999p     0.          0.         57.9313a



 subckt      xx1.x2.x    xx1.x2.x    xx1.x2.x    xx1.x2.x    xx1.x2.x
 element  45:e1       45:e2       45:e3       51:e1       51:e2      
  volts       0.          0.          0.          0.          0.     
  current     0.          0.        250.0000n     0.          0.     



 subckt      xx1.x2.x
 element  53:e1      
  volts      29.4000m
  current     0.     




 **** current-controlled voltage sources


 subckt      xx1.x1.x    xx1.x1.x    xx1.x1.x    xx1.x2.x    xx1.x2.x
 element   8:h_h1      9:h_h2     10:h_h3     48:h_h3     54:h_i2v   
  volts     290.7410u  -280.2800p  -520.5200p   909.5401m    47.6598u
  current  -290.7440a     0.          0.       -909.5401p     0.     



 subckt      xx1.x2.x
 element  55:h_i2v   
  volts     -47.6598u
  current     0.     




 **** diodes


 subckt      xx1.x1.x    xx1.x1.x    xx1.x2.x    xx1.x2.x    xx1.x2.x
 element  13:d1       13:d2       45:d1       45:d2       51:d1      
 model    13:dvn      13:dvn      45:dvn      45:dvn      51:dnvf    
  id         10.0000m    10.0000m    10.0000m    10.0000m    10.0000m
  vd        833.7629m   833.7629m   833.7629m   833.7629m   833.7629m
  req         2.5864      2.5864      2.5864      2.5864      2.5864 
  cap         0.          0.          0.          0.          0.     



 subckt      xx1.x2.x
 element  51:d2      
 model    51:dnvf    
  id         10.0000m
  vd        833.7629m
  req         2.5864 
  cap         0.     



 ******
 **** ece 222 course project ****

 ****** ac analysis tnom=  27.000 temp=  27.000 ******
 gain_mid=   1.6382u    at=  12.5893k
             from=   1.0000     to= 100.0000k
 gain_db=-115.7127     at=  12.5893k
             from=   1.0000     to= 100.0000k
 bw_f1=   1.9399k
 bw_f2=  38.0447k
 bw_3db=  36.1048k

          ***** job concluded
 ******  
 **** ece 222 course project ****

 ****** job statistics summary tnom=  27.000 temp=  27.000 ******

  ******  PrimeSim HSPICE Threads Information  ******

  Command Line Threads Count :     1
  Available CPU Count        :    16
  Actual Threads Count       :     1


  ******  Circuit Statistics  ******
  # nodes       =     199 # elements   =     431
  # resistors   =     209 # capacitors =      68 # inductors   =       1
  # mutual_inds =       0 # vccs       =      91 # vcvs        =      16
  # cccs        =       0 # ccvs       =       6 # volt_srcs   =      23
  # curr_srcs   =      11 # diodes     =       6 # bjts        =       0
  # jfets       =       0 # mosfets    =       0 # U elements  =       0
  # T elements  =       0 # W elements =       0 # B elements  =       0
  # S elements  =       0 # P elements =       0 # va device   =       0
  # vector_srcs =       0 # N elements =       0


  ******  Runtime Statistics (seconds)  ******

  analysis           time    # points   tot. iter  conv.iter
  op point           0.01           1           7
  ac analysis        0.01          51          51
  readin             0.04
  errchk             0.01
  setup              0.00
  output             0.00


           peak memory used         73.28 megabytes
           total cpu time            0.07 seconds
           total elapsed time       19.18 seconds
           job started at     20:30:25 05/10/2024
           job ended   at     20:30:44 05/10/2024
           job total runtime        19.18 seconds


  lic: Release hspice token(s) 
 lic: total license checkout elapse time:       19.11(s)
